

*******************************************************************************
Mon Nov  8 12:22:19 2021


FIT:    data read from 'frac_dim.txt'
        format = z
        x range restricted to [0.00000 : 40.0000]
        #datapoints = 40
        residuals are weighted equally (unit weight)

function used for fitting: f(x)
	f(x)=a*x**d
fitted parameters initialized with current variable values

iter      chisq       delta/lim  lambda   d             a            
   0 7.6619300000e+06   0.00e+00  2.35e+02    1.000000e+00   4.000000e+00
   6 1.0806046795e+04  -6.87e-02  2.35e-02    1.623242e+00   2.667670e+00

After 6 iterations the fit converged.
final sum of squares of residuals : 10806
rel. change during last iteration : -6.87313e-07

degrees of freedom    (FIT_NDF)                        : 38
rms of residuals      (FIT_STDFIT) = sqrt(WSSR/ndf)    : 16.8633
variance of residuals (reduced chisquare) = WSSR/ndf   : 284.37

Final set of parameters            Asymptotic Standard Error
=======================            ==========================
d               = 1.62324          +/- 0.02127      (1.311%)
a               = 2.66767          +/- 0.1977       (7.411%)

correlation matrix of the fit parameters:
                d      a      
d               1.000 
a              -0.998  1.000 